 Fri, 20 Mar 2020 21:24:59  INFO test_purset.py setUpClass [ line:42 ] ==================== 准备开始执行添加发票信息接口测试 ====================
 Fri, 20 Mar 2020 21:24:59  INFO http_request.py request [ line:39 ] 正在发送请求，请求地址：https://fsc-test.manshang.com/api/auth/login，请求参数：{'phone': '15733100728', 'code': '123456'}
 Fri, 20 Mar 2020 21:24:59  INFO http_request.py request [ line:39 ] 正在发送请求，请求地址：https://fsc-test.manshang.com/api/purchaser-setting，请求参数：{'name': '收票单位名称101', 'duty_paragraph': '1122', 'address': '单位地址', 'phone': '15733100728', 'bank_name': '开户行', 'card_no': '1234'}
 Fri, 20 Mar 2020 21:24:59  ERROR test_purset.py test_purset [ line:80 ] {'code': 500, 'msg': '收票单位重复', 'data': ''} != {'code': 200, 'msg': 'ok', 'data': True}
- {'code': 500, 'data': '', 'msg': '收票单位重复'}
?          ^            ^^          ^^^^^^

+ {'code': 200, 'data': True, 'msg': 'ok'}
?          ^            ^^^^          ^^
Traceback (most recent call last):
  File "/Users/yangli/PycharmProjects/api_fsctest/test_cases/test_purset.py", line 77, in test_purset
    self.assertEqual(res, eval(case.expected_data))
  File "/usr/local/Cellar/python/3.7.4_1/Frameworks/Python.framework/Versions/3.7/lib/python3.7/unittest/case.py", line 852, in assertEqual
    assertion_func(first, second, msg=msg)
  File "/usr/local/Cellar/python/3.7.4_1/Frameworks/Python.framework/Versions/3.7/lib/python3.7/unittest/case.py", line 1151, in assertDictEqual
    self.fail(self._formatMessage(msg, standardMsg))
  File "/usr/local/Cellar/python/3.7.4_1/Frameworks/Python.framework/Versions/3.7/lib/python3.7/unittest/case.py", line 693, in fail
    raise self.failureException(msg)
AssertionError: {'code': 500, 'msg': '收票单位重复', 'data': ''} != {'code': 200, 'msg': 'ok', 'data': True}
- {'code': 500, 'data': '', 'msg': '收票单位重复'}
?          ^            ^^          ^^^^^^

+ {'code': 200, 'data': True, 'msg': 'ok'}
?          ^            ^^^^          ^^

 Fri, 20 Mar 2020 21:25:00  INFO test_purset.py tearDownClass [ line:48 ] ==================== 添加发票信息测试执行完毕 ====================
